input img [../img/5.jpg]:row=28,col=28,ch=3 
Create fm buf	:ptr=0x7f973100a400,	size=6.12 KB,	w/h/ch=28/28/1
Create wgt buf	:ptr=0x7f973100be00,	size=2.25 KB,	kw/kh/ich/och=3/3/1/32
Create bias buf	:ptr=0x7f9730507c90,	size=256 B,	kw/kh/ich/och=3/3/1/32
Create fm buf	:ptr=0x000110ff5000,	size=196.00 KB,	w/h/ch=28/28/32
Create fm buf	:ptr=0x7f973100c800,	size=49.00 KB,	w/h/ch=14/14/32
Create wgt buf	:ptr=0x000111026000,	size=144.00 KB,	kw/kh/ich/och=3/3/32/64
Create bias buf	:ptr=0x7f9730507d90,	size=512 B,	kw/kh/ich/och=3/3/32/64
Create fm buf	:ptr=0x7f9731018c00,	size=98.00 KB,	w/h/ch=14/14/64
Create fm buf	:ptr=0x7f9731031400,	size=24.50 KB,	w/h/ch=7/7/64
Create wgt buf	:ptr=0x00011104a000,	size=1568.00 KB,	kw/kh/ich/och=7/7/64/64
Create bias buf	:ptr=0x7f9730507f90,	size=512 B,	kw/kh/ich/och=7/7/64/64
Create fm buf	:ptr=0x7f9730508190,	size=0.50 KB,	w/h/ch=1/1/64
Create wgt buf	:ptr=0x7f9731037600,	size=5.00 KB,	kw/kh/ich/och=1/1/64/10
Create bias buf	:ptr=0x7f973050e690,	size=80 B,	kw/kh/ich/och=1/1/64/10
Create fm buf	:ptr=0x7f973050e6e0,	size=0.08 KB,	w/h/ch=1/1/10
Create fm buf	:ptr=0x7f9730508390,	size=0.08 KB,	w/h/ch=1/1/10
Read Wgt  file: ../wgt/conv1_w.txt , 	288/288 float num loaded.
Read Bias file: ../wgt/conv1_b.txt , 	32/32 float num loaded.
Read Wgt  file: ../wgt/conv2_w.txt , 	18432/18432 float num loaded.
Read Bias file: ../wgt/conv2_b.txt , 	64/64 float num loaded.
Read Wgt  file: ../wgt/fc1_w.txt , 	200704/200704 float num loaded.
Read Bias file: ../wgt/fc1_b.txt , 	64/64 float num loaded.
Read Wgt  file: ../wgt/fc2_w.txt , 	640/640 float num loaded.
Read Bias file: ../wgt/fc2_b.txt , 	10/10 float num loaded.

Running conv2d..
Running maxpool..
Running conv2d..
Running maxpool..
Running fc..
Running fc..
Running softmax..


Prob0:0.00
Prob1:0.00
Prob2:0.00
Prob3:0.00
Prob4:0.99
Prob5:0.00
Prob6:0.00
Prob7:0.00
Prob8:0.00
Prob9:0.00

[Final Result]: This pic is Num 4

